<?xml version="1.0" encoding="UTF-8"?>
<testsuite name="com.example.demo.controller.PlanControllerTest" tests="7" skipped="0" failures="0" errors="0" timestamp="2026-08-31T23:42:31.228Z" hostname="Sherry-X-Macbook.local" time="0.041">
  <properties/>
  <testcase name="deletePlanReturnsNotFoundWhenMissing()" classname="com.example.demo.controller.PlanControllerTest" time="0.004"/>
  <testcase name="updatePlanLeavesActiveFlagAloneWhenOmitted()" classname="com.example.demo.controller.PlanControllerTest" time="0.008"/>
  <testcase name="deletePlanReturnsNoContentWhenPresent()" classname="com.example.demo.controller.PlanControllerTest" time="0.004"/>
  <testcase name="getPlanReturnsNotFoundForUnknownId()" classname="com.example.demo.controller.PlanControllerTest" time="0.004"/>
  <testcase name="getAllPlansReturnsSnakeCasePayload()" classname="com.example.demo.controller.PlanControllerTest" time="0.006"/>
  <testcase name="getActivePlansDelegatesToActiveOnlyQuery()" classname="com.example.demo.controller.PlanControllerTest" time="0.005"/>
  <testcase name="createPlanPersistsRequestFields()" classname="com.example.demo.controller.PlanControllerTest" time="0.006"/>
  <system-out><![CDATA[2026-08-31T16:42:31.231-07:00  INFO 33411 --- [demo] [    Test worker] o.s.mock.web.MockServletContext          : Initializing Spring TestDispatcherServlet ''
2026-08-31T16:42:31.231-07:00  INFO 33411 --- [demo] [    Test worker] o.s.t.web.servlet.TestDispatcherServlet  : Initializing Servlet ''
2026-08-31T16:42:31.231-07:00  INFO 33411 --- [demo] [    Test worker] o.s.t.web.servlet.TestDispatcherServlet  : Completed initialization in 0 ms
2026-08-31T16:42:31.232-07:00  INFO 33411 --- [demo] [    Test worker] c.e.demo.controller.PlanController       : Deleting plan: id=404
2026-08-31T16:42:31.232-07:00  WARN 33411 --- [demo] [    Test worker] c.e.demo.controller.PlanController       : Plan not found for deletion: id=404
2026-08-31T16:42:31.236-07:00  INFO 33411 --- [demo] [    Test worker] o.s.mock.web.MockServletContext          : Initializing Spring TestDispatcherServlet ''
2026-08-31T16:42:31.236-07:00  INFO 33411 --- [demo] [    Test worker] o.s.t.web.servlet.TestDispatcherServlet  : Initializing Servlet ''
2026-08-31T16:42:31.236-07:00  INFO 33411 --- [demo] [    Test worker] o.s.t.web.servlet.TestDispatcherServlet  : Completed initialization in 0 ms
2026-08-31T16:42:31.239-07:00  INFO 33411 --- [demo] [    Test worker] c.e.demo.controller.PlanController       : Updating plan: id=3
2026-08-31T16:42:31.239-07:00  INFO 33411 --- [demo] [    Test worker] c.e.demo.controller.PlanController       : Plan updated: id=3, name=Premium Plus
2026-08-31T16:42:31.244-07:00  INFO 33411 --- [demo] [    Test worker] o.s.mock.web.MockServletContext          : Initializing Spring TestDispatcherServlet ''
2026-08-31T16:42:31.245-07:00  INFO 33411 --- [demo] [    Test worker] o.s.t.web.servlet.TestDispatcherServlet  : Initializing Servlet ''
2026-08-31T16:42:31.245-07:00  INFO 33411 --- [demo] [    Test worker] o.s.t.web.servlet.TestDispatcherServlet  : Completed initialization in 0 ms
2026-08-31T16:42:31.245-07:00  INFO 33411 --- [demo] [    Test worker] c.e.demo.controller.PlanController       : Deleting plan: id=4
2026-08-31T16:42:31.245-07:00  INFO 33411 --- [demo] [    Test worker] c.e.demo.controller.PlanController       : Plan deleted: id=4
2026-08-31T16:42:31.249-07:00  INFO 33411 --- [demo] [    Test worker] o.s.mock.web.MockServletContext          : Initializing Spring TestDispatcherServlet ''
2026-08-31T16:42:31.249-07:00  INFO 33411 --- [demo] [    Test worker] o.s.t.web.servlet.TestDispatcherServlet  : Initializing Servlet ''
2026-08-31T16:42:31.249-07:00  INFO 33411 --- [demo] [    Test worker] o.s.t.web.servlet.TestDispatcherServlet  : Completed initialization in 0 ms
2026-08-31T16:42:31.250-07:00  INFO 33411 --- [demo] [    Test worker] c.e.demo.controller.PlanController       : Fetching plan with id=404
2026-08-31T16:42:31.250-07:00  WARN 33411 --- [demo] [    Test worker] c.e.demo.controller.PlanController       : Plan not found: id=404
2026-08-31T16:42:31.254-07:00  INFO 33411 --- [demo] [    Test worker] o.s.mock.web.MockServletContext          : Initializing Spring TestDispatcherServlet ''
2026-08-31T16:42:31.254-07:00  INFO 33411 --- [demo] [    Test worker] o.s.t.web.servlet.TestDispatcherServlet  : Initializing Servlet ''
2026-08-31T16:42:31.254-07:00  INFO 33411 --- [demo] [    Test worker] o.s.t.web.servlet.TestDispatcherServlet  : Completed initialization in 0 ms
2026-08-31T16:42:31.255-07:00  INFO 33411 --- [demo] [    Test worker] c.e.demo.controller.PlanController       : Fetching all plans
2026-08-31T16:42:31.260-07:00  INFO 33411 --- [demo] [    Test worker] o.s.mock.web.MockServletContext          : Initializing Spring TestDispatcherServlet ''
2026-08-31T16:42:31.260-07:00  INFO 33411 --- [demo] [    Test worker] o.s.t.web.servlet.TestDispatcherServlet  : Initializing Servlet ''
2026-08-31T16:42:31.260-07:00  INFO 33411 --- [demo] [    Test worker] o.s.t.web.servlet.TestDispatcherServlet  : Completed initialization in 0 ms
2026-08-31T16:42:31.261-07:00  INFO 33411 --- [demo] [    Test worker] c.e.demo.controller.PlanController       : Fetching active plans
2026-08-31T16:42:31.266-07:00  INFO 33411 --- [demo] [    Test worker] o.s.mock.web.MockServletContext          : Initializing Spring TestDispatcherServlet ''
2026-08-31T16:42:31.266-07:00  INFO 33411 --- [demo] [    Test worker] o.s.t.web.servlet.TestDispatcherServlet  : Initializing Servlet ''
2026-08-31T16:42:31.266-07:00  INFO 33411 --- [demo] [    Test worker] o.s.t.web.servlet.TestDispatcherServlet  : Completed initialization in 0 ms
2026-08-31T16:42:31.268-07:00  INFO 33411 --- [demo] [    Test worker] c.e.demo.controller.PlanController       : Creating plan: name=Student
2026-08-31T16:42:31.268-07:00  INFO 33411 --- [demo] [    Test worker] c.e.demo.controller.PlanController       : Plan created: id=9, name=Student
]]></system-out>
  <system-err><![CDATA[]]></system-err>
</testsuite>
